生成启动时间为 2018/11/1 16:39:11。
     1>项目“C:\Users\Admin\Desktop\Zero\GDIdemo2\GDIdemo2\GDIdemo2.vcxproj”在节点 2 上(build 个目标)。
     1>PrepareForBuild:
         正在创建目录“C:\Users\Admin\Desktop\Zero\GDIdemo2\Debug\”。
       InitializeBuildStatus:
         正在创建“Debug\GDIdemo2.unsuccessfulbuild”，因为已指定“AlwaysCreate”。
       ClCompile:
         D:\Program Files (x86)\Microsoft Visual Studio 10.0\VC\bin\CL.exe /c /ZI /nologo /W3 /WX- /Od /Oy- /D WIN32 /D _DEBUG /D _WINDOWS /D _UNICODE /D UNICODE /Gm /EHsc /RTC1 /MDd /GS /fp:precise /Zc:wchar_t /Zc:forScope /Fo"Debug\\" /Fd"Debug\vc100.pdb" /Gd /TP /analyze- /errorReport:prompt main.cpp
         main.cpp
       ManifestResourceCompile:
         C:\Program Files (x86)\Microsoft SDKs\Windows\v7.0A\bin\rc.exe /nologo /fo"Debug\GDIdemo2.exe.embed.manifest.res" Debug\GDIdemo2_manifest.rc 
       Link:
         D:\Program Files (x86)\Microsoft Visual Studio 10.0\VC\bin\link.exe /ERRORREPORT:PROMPT /OUT:"C:\Users\Admin\Desktop\Zero\GDIdemo2\Debug\GDIdemo2.exe" /INCREMENTAL /NOLOGO kernel32.lib user32.lib gdi32.lib winspool.lib comdlg32.lib advapi32.lib shell32.lib ole32.lib oleaut32.lib uuid.lib odbc32.lib odbccp32.lib /MANIFEST /ManifestFile:"Debug\GDIdemo2.exe.intermediate.manifest" /MANIFESTUAC:"level='asInvoker' uiAccess='false'" /DEBUG /PDB:"C:\Users\Admin\Desktop\Zero\GDIdemo2\Debug\GDIdemo2.pdb" /SUBSYSTEM:WINDOWS /TLBID:1 /DYNAMICBASE /NXCOMPAT /IMPLIB:"C:\Users\Admin\Desktop\Zero\GDIdemo2\Debug\GDIdemo2.lib" /MACHINE:X86 Debug\GDIdemo2.exe.embed.manifest.res
         Debug\main.obj
       Manifest:
         C:\Program Files (x86)\Microsoft SDKs\Windows\v7.0A\bin\mt.exe /nologo /verbose /out:"Debug\GDIdemo2.exe.embed.manifest" /manifest Debug\GDIdemo2.exe.intermediate.manifest
         C:\Program Files (x86)\Microsoft SDKs\Windows\v7.0A\bin\rc.exe /nologo /fo"Debug\GDIdemo2.exe.embed.manifest.res" Debug\GDIdemo2_manifest.rc 
       LinkEmbedManifest:
         D:\Program Files (x86)\Microsoft Visual Studio 10.0\VC\bin\link.exe /ERRORREPORT:PROMPT /OUT:"C:\Users\Admin\Desktop\Zero\GDIdemo2\Debug\GDIdemo2.exe" /INCREMENTAL /NOLOGO kernel32.lib user32.lib gdi32.lib winspool.lib comdlg32.lib advapi32.lib shell32.lib ole32.lib oleaut32.lib uuid.lib odbc32.lib odbccp32.lib /MANIFEST /ManifestFile:"Debug\GDIdemo2.exe.intermediate.manifest" /MANIFESTUAC:"level='asInvoker' uiAccess='false'" /DEBUG /PDB:"C:\Users\Admin\Desktop\Zero\GDIdemo2\Debug\GDIdemo2.pdb" /SUBSYSTEM:WINDOWS /TLBID:1 /DYNAMICBASE /NXCOMPAT /IMPLIB:"C:\Users\Admin\Desktop\Zero\GDIdemo2\Debug\GDIdemo2.lib" /MACHINE:X86 Debug\GDIdemo2.exe.embed.manifest.res
         Debug\main.obj
         GDIdemo2.vcxproj -> C:\Users\Admin\Desktop\Zero\GDIdemo2\Debug\GDIdemo2.exe
       FinalizeBuildStatus:
         正在删除文件“Debug\GDIdemo2.unsuccessfulbuild”。
         正在对“Debug\GDIdemo2.lastbuildstate”执行 Touch 任务。
     1>已完成生成项目“C:\Users\Admin\Desktop\Zero\GDIdemo2\GDIdemo2\GDIdemo2.vcxproj”(build 个目标)的操作。

生成成功。

已用时间 00:00:01.95
