生成启动时间为 2018/10/30 16:01:39。
     1>项目“C:\Users\Admin\Desktop\Zero\GDIdemo1\GDIdemo1\GDIdemo1.vcxproj”在节点 2 上(build 个目标)。
     1>InitializeBuildStatus:
         正在对“Debug\GDIdemo1.unsuccessfulbuild”执行 Touch 任务。
       ClCompile:
         D:\Program Files (x86)\Microsoft Visual Studio 10.0\VC\bin\CL.exe /c /ZI /nologo /W3 /WX- /Od /Oy- /D WIN32 /D _DEBUG /D _WINDOWS /D _UNICODE /D UNICODE /Gm /EHsc /RTC1 /MDd /GS /fp:precise /Zc:wchar_t /Zc:forScope /Fo"Debug\\" /Fd"Debug\vc100.pdb" /Gd /TP /analyze- /errorReport:prompt main.cpp
         main.cpp
       ManifestResourceCompile:
         所有输出均为最新。
       Link:
         D:\Program Files (x86)\Microsoft Visual Studio 10.0\VC\bin\link.exe /ERRORREPORT:PROMPT /OUT:"C:\Users\Admin\Desktop\Zero\GDIdemo1\Debug\GDIdemo1.exe" /INCREMENTAL /NOLOGO kernel32.lib user32.lib gdi32.lib winspool.lib comdlg32.lib advapi32.lib shell32.lib ole32.lib oleaut32.lib uuid.lib odbc32.lib odbccp32.lib /MANIFEST /ManifestFile:"Debug\GDIdemo1.exe.intermediate.manifest" /MANIFESTUAC:"level='asInvoker' uiAccess='false'" /DEBUG /PDB:"C:\Users\Admin\Desktop\Zero\GDIdemo1\Debug\GDIdemo1.pdb" /SUBSYSTEM:WINDOWS /TLBID:1 /DYNAMICBASE /NXCOMPAT /IMPLIB:"C:\Users\Admin\Desktop\Zero\GDIdemo1\Debug\GDIdemo1.lib" /MACHINE:X86 Debug\GDIdemo1.exe.embed.manifest.res
         Debug\main.obj
       Manifest:
         C:\Program Files (x86)\Microsoft SDKs\Windows\v7.0A\bin\mt.exe /nologo /verbose /out:"Debug\GDIdemo1.exe.embed.manifest" /manifest Debug\GDIdemo1.exe.intermediate.manifest
         C:\Program Files (x86)\Microsoft SDKs\Windows\v7.0A\bin\rc.exe /nologo /fo"Debug\GDIdemo1.exe.embed.manifest.res" Debug\GDIdemo1_manifest.rc 
       LinkEmbedManifest:
         D:\Program Files (x86)\Microsoft Visual Studio 10.0\VC\bin\link.exe /ERRORREPORT:PROMPT /OUT:"C:\Users\Admin\Desktop\Zero\GDIdemo1\Debug\GDIdemo1.exe" /INCREMENTAL /NOLOGO kernel32.lib user32.lib gdi32.lib winspool.lib comdlg32.lib advapi32.lib shell32.lib ole32.lib oleaut32.lib uuid.lib odbc32.lib odbccp32.lib /MANIFEST /ManifestFile:"Debug\GDIdemo1.exe.intermediate.manifest" /MANIFESTUAC:"level='asInvoker' uiAccess='false'" /DEBUG /PDB:"C:\Users\Admin\Desktop\Zero\GDIdemo1\Debug\GDIdemo1.pdb" /SUBSYSTEM:WINDOWS /TLBID:1 /DYNAMICBASE /NXCOMPAT /IMPLIB:"C:\Users\Admin\Desktop\Zero\GDIdemo1\Debug\GDIdemo1.lib" /MACHINE:X86 Debug\GDIdemo1.exe.embed.manifest.res
         Debug\main.obj
         GDIdemo1.vcxproj -> C:\Users\Admin\Desktop\Zero\GDIdemo1\Debug\GDIdemo1.exe
       FinalizeBuildStatus:
         正在删除文件“Debug\GDIdemo1.unsuccessfulbuild”。
         正在对“Debug\GDIdemo1.lastbuildstate”执行 Touch 任务。
     1>已完成生成项目“C:\Users\Admin\Desktop\Zero\GDIdemo1\GDIdemo1\GDIdemo1.vcxproj”(build 个目标)的操作。

生成成功。

已用时间 00:00:01.85
